Started by user [8mha:////4I/wPqNGqFzc/3+a1Hbx+43uvzyAz71u/mzVbcDZOAJ9AAAAlx+LCAAAAAAAAP9b85aBtbiIQTGjNKU4P08vOT+vOD8nVc83PyU1x6OyILUoJzMv2y+/JJUBAhiZGBgqihhk0NSjKDWzXb3RdlLBUSYGJk8GtpzUvPSSDB8G5tKinBIGIZ+sxLJE/ZzEvHT94JKizLx0a6BxUmjGOUNodHsLgAzmEgZu/dLi1CL9xJTczDwAfXVmD8AAAAA=[0m???
Running as SYSTEM
Building in workspace /var/jenkins_home/workspace/xuzijing-compile
using credential 5e92d7ad-0ca9-4a9d-86c6-b8030788a7b3
 > git rev-parse --is-inside-work-tree # timeout=10
Fetching changes from the remote Git repository
 > git config remote.origin.url https://github.com/xzjch/bianyi.git # timeout=10
Fetching upstream changes from https://github.com/xzjch/bianyi.git
 > git --version # timeout=10
using GIT_ASKPASS to set credentials xuzijing-github
 > git fetch --tags --progress -- https://github.com/xzjch/bianyi.git +refs/heads/*:refs/remotes/origin/* # timeout=10
 > git rev-parse origin/master^{commit} # timeout=10
Checking out Revision 94f30686571f5188262732d3f4676f26fd15d52e (origin/master)
 > git config core.sparsecheckout # timeout=10
 > git checkout -f 94f30686571f5188262732d3f4676f26fd15d52e # timeout=10
Commit message: "xxx"
 > git rev-list --no-walk c76095de20765ff15af56dccc4ae704cfb18ea25 # timeout=10
[xuzijing-compile] $ /bin/sh -xe /tmp/jenkins3963382754057783668.sh
+ echo http://39.106.124.113:8080/job/xuzijing-compile/22/
http://39.106.124.113:8080/job/xuzijing-compile/22/
+ cp /var/jenkins_home/jobs/xuzijing-compile/builds/22/log xuzijing-compile-22.log
